# JRE version: 7.0_05-b06
# Java VM: Java HotSpot(TM) Server VM (23.1-b03 mixed mode linux-x86 )
Heap
 PSYoungGen      total 169792K, used 61485K [0xa3510000, 0xb37a0000, 0xb4660000)
  eden space 78272K, 0% used [0xa3510000,0xa3510000,0xa8180000)
  from space 91520K, 67% used [0xade40000,0xb1a4b6e0,0xb37a0000)
  to   space 93248K, 0% used [0xa8180000,0xa8180000,0xadc90000)
 ParOldGen       total 556608K, used 508566K [0x81260000, 0xa31f0000, 0xa3510000)
  object space 556608K, 91% used [0x81260000,0xa03058b0,0xa31f0000)
 PSPermGen       total 16384K, used 2473K [0x7d260000, 0x7e260000, 0x81260000)
  object space 16384K, 15% used [0x7d260000,0x7d4ca698,0x7e260000)
GC Heap History (10 events):
Event: 11.846 GC heap after
Heap after GC invocations=20 (full 5):
 PSYoungGen      total 141056K, used 91546K [0xa3510000, 0xb2ad0000, 0xb4660000)
  eden space 47808K, 0% used [0xa3510000,0xa3510000,0xa63c0000)
  from space 93248K, 98% used [0xa63c0000,0xabd26b10,0xabed0000)
  to   space 93248K, 0% used [0xacfc0000,0xacfc0000,0xb2ad0000)
 ParOldGen       total 403200K, used 321857K [0x81260000, 0x99c20000, 0xa3510000)
  object space 403200K, 79% used [0x81260000,0x94cb0760,0x99c20000)
 PSPermGen       total 16384K, used 2451K [0x7d260000, 0x7e260000, 0x81260000)
  object space 16384K, 14% used [0x7d260000,0x7d4c4cc0,0x7e260000)
}
Event: 11.856 GC heap before
{Heap before GC invocations=21 (full 5):
 PSYoungGen      total 141056K, used 131694K [0xa3510000, 0xb2ad0000, 0xb4660000)
  eden space 47808K, 83% used [0xa3510000,0xa5c450c8,0xa63c0000)
  from space 93248K, 98% used [0xa63c0000,0xabd26b10,0xabed0000)
  to   space 93248K, 0% used [0xacfc0000,0xacfc0000,0xb2ad0000)
 ParOldGen       total 403200K, used 321857K [0x81260000, 0x99c20000, 0xa3510000)
  object space 403200K, 79% used [0x81260000,0x94cb0760,0x99c20000)
 PSPermGen       total 16384K, used 2451K [0x7d260000, 0x7e260000, 0x81260000)
  object space 16384K, 14% used [0x7d260000,0x7d4c4cc0,0x7e260000)
Event: 12.062 GC heap after
Heap after GC invocations=21 (full 5):
 PSYoungGen      total 158400K, used 78617K [0xa3510000, 0xb2d70000, 0xb4660000)
  eden space 65152K, 0% used [0xa3510000,0xa3510000,0xa74b0000)
  from space 93248K, 84% used [0xacfc0000,0xb1c86438,0xb2ad0000)
  to   space 93248K, 0% used [0xa74b0000,0xa74b0000,0xacfc0000)
 ParOldGen       total 403200K, used 374461K [0x81260000, 0x99c20000, 0xa3510000)
  object space 403200K, 92% used [0x81260000,0x9800f760,0x99c20000)
 PSPermGen       total 16384K, used 2451K [0x7d260000, 0x7e260000, 0x81260000)
  object space 16384K, 14% used [0x7d260000,0x7d4c4cc0,0x7e260000)
}
Event: 12.062 GC heap before
{Heap before GC invocations=22 (full 6):
 PSYoungGen      total 158400K, used 78617K [0xa3510000, 0xb2d70000, 0xb4660000)
  eden space 65152K, 0% used [0xa3510000,0xa3510000,0xa74b0000)
  from space 93248K, 84% used [0xacfc0000,0xb1c86438,0xb2ad0000)
  to   space 93248K, 0% used [0xa74b0000,0xa74b0000,0xacfc0000)
 ParOldGen       total 403200K, used 374461K [0x81260000, 0x99c20000, 0xa3510000)
  object space 403200K, 92% used [0x81260000,0x9800f760,0x99c20000)
 PSPermGen       total 16384K, used 2451K [0x7d260000, 0x7e260000, 0x81260000)
  object space 16384K, 14% used [0x7d260000,0x7d4c4cc0,0x7e260000)
Event: 13.122 GC heap after
Heap after GC invocations=22 (full 6):
 PSYoungGen      total 158400K, used 36699K [0xa3510000, 0xb2d70000, 0xb4660000)
  eden space 65152K, 0% used [0xa3510000,0xa3510000,0xa74b0000)
  from space 93248K, 39% used [0xacfc0000,0xaf396f48,0xb2ad0000)
  to   space 93248K, 0% used [0xa74b0000,0xa74b0000,0xacfc0000)
 ParOldGen       total 556608K, used 402472K [0x81260000, 0xa31f0000, 0xa3510000)
  object space 556608K, 72% used [0x81260000,0x99b6a068,0xa31f0000)
 PSPermGen       total 16384K, used 2451K [0x7d260000, 0x7e260000, 0x81260000)
  object space 16384K, 14% used [0x7d260000,0x7d4c4cb0,0x7e260000)
}
Event: 13.225 GC heap before
{Heap before GC invocations=23 (full 6):
 PSYoungGen      total 158400K, used 101851K [0xa3510000, 0xb2d70000, 0xb4660000)
  eden space 65152K, 100% used [0xa3510000,0xa74b0000,0xa74b0000)
  from space 93248K, 39% used [0xacfc0000,0xaf396f48,0xb2ad0000)
  to   space 93248K, 0% used [0xa74b0000,0xa74b0000,0xacfc0000)
 ParOldGen       total 556608K, used 402472K [0x81260000, 0xa31f0000, 0xa3510000)
  object space 556608K, 72% used [0x81260000,0x99b6a068,0xa31f0000)
 PSPermGen       total 16384K, used 2452K [0x7d260000, 0x7e260000, 0x81260000)
  object space 16384K, 14% used [0x7d260000,0x7d4c5178,0x7e260000)
Event: 13.333 GC heap after
Heap after GC invocations=23 (full 6):
 PSYoungGen      total 158400K, used 66443K [0xa3510000, 0xb3950000, 0xb4660000)
  eden space 65152K, 0% used [0xa3510000,0xa3510000,0xa74b0000)
  from space 93248K, 71% used [0xa74b0000,0xab592db0,0xacfc0000)
  to   space 93248K, 0% used [0xade40000,0xade40000,0xb3950000)
 ParOldGen       total 556608K, used 439321K [0x81260000, 0xa31f0000, 0xa3510000)
  object space 556608K, 78% used [0x81260000,0x9bf66410,0xa31f0000)
 PSPermGen       total 16384K, used 2452K [0x7d260000, 0x7e260000, 0x81260000)
  object space 16384K, 14% used [0x7d260000,0x7d4c5178,0x7e260000)
}
Event: 15.044 GC heap before
{Heap before GC invocations=24 (full 6):
 PSYoungGen      total 158400K, used 130404K [0xa3510000, 0xb3950000, 0xb4660000)
  eden space 65152K, 98% used [0xa3510000,0xa7386528,0xa74b0000)
  from space 93248K, 71% used [0xa74b0000,0xab592db0,0xacfc0000)
  to   space 93248K, 0% used [0xade40000,0xade40000,0xb3950000)
 ParOldGen       total 556608K, used 439321K [0x81260000, 0xa31f0000, 0xa3510000)
  object space 556608K, 78% used [0x81260000,0x9bf66410,0xa31f0000)
 PSPermGen       total 16384K, used 2473K [0x7d260000, 0x7e260000, 0x81260000)
  object space 16384K, 15% used [0x7d260000,0x7d4ca698,0x7e260000)
Event: 15.103 GC heap after
Heap after GC invocations=24 (full 6):
 PSYoungGen      total 169792K, used 61485K [0xa3510000, 0xb37a0000, 0xb4660000)
  eden space 78272K, 0% used [0xa3510000,0xa3510000,0xa8180000)
  from space 91520K, 67% used [0xade40000,0xb1a4b6e0,0xb37a0000)
  to   space 93248K, 0% used [0xa8180000,0xa8180000,0xadc90000)
 ParOldGen       total 556608K, used 508566K [0x81260000, 0xa31f0000, 0xa3510000)
  object space 556608K, 91% used [0x81260000,0xa03058b0,0xa31f0000)
 PSPermGen       total 16384K, used 2473K [0x7d260000, 0x7e260000, 0x81260000)
  object space 16384K, 15% used [0x7d260000,0x7d4ca698,0x7e260000)
}
Event: 15.103 GC heap before
{Heap before GC invocations=25 (full 7):
 PSYoungGen      total 169792K, used 61485K [0xa3510000, 0xb37a0000, 0xb4660000)
  eden space 78272K, 0% used [0xa3510000,0xa3510000,0xa8180000)
  from space 91520K, 67% used [0xade40000,0xb1a4b6e0,0xb37a0000)
  to   space 93248K, 0% used [0xa8180000,0xa8180000,0xadc90000)
 ParOldGen       total 556608K, used 508566K [0x81260000, 0xa31f0000, 0xa3510000)
  object space 556608K, 91% used [0x81260000,0xa03058b0,0xa31f0000)
 PSPermGen       total 16384K, used 2473K [0x7d260000, 0x7e260000, 0x81260000)
  object space 16384K, 15% used [0x7d260000,0x7d4ca698,0x7e260000)

